<?xml version="1.0" encoding="UTF-8"?>
<!-- Generated by org.testng.reporters.JUnitReportReporter -->
<testsuite hostname="Ivaylos-MacBook-Air.local" failures="0" tests="2" name="org.scalefocus.service.UserServiceTest" time="0.472" errors="0" timestamp="2023-05-02T02:31:21 EEST" skipped="0">
  <testcase classname="org.scalefocus.service.UserServiceTest" name="testCreateUser_Works_Properly" time="0.243"/>
  <system-out/>
  <testcase classname="org.scalefocus.service.UserServiceTest" name="testCreateUser_Throws_When_UsernameLengthIsUnderMinLength" time="0.229"/>
  <system-out/>
</testsuite> <!-- org.scalefocus.service.UserServiceTest -->
